
2018-03-05 18:35:52 [scrapy.utils.log] INFO: Scrapy 1.3.3 started (bot: myntraretail)
2018-03-05 18:35:52 [scrapy.utils.log] INFO: Overridden settings: {'NEWSPIDER_MODULE': 'myntraretail.spiders', 'DUPEFILTER_CLASS': 'scrapy.dupefilters.BaseDupeFilter', 'SPIDER_MODULES': ['myntraretail.spiders'], 'BOT_NAME': 'myntraretail', 'LOGSTATS_INTERVAL': 0, 'USER_AGENT': 'Mozilla/5.0 (X11; Linux x86_64) AppleWebKit/537.36 (KHTML, like Gecko) Chrome/58.0.3029.110 Safari/537.36 OPR/45.0.2552.888', 'LOG_FILE': 'scrapy.log', 'DOWNLOAD_DELAY': 0.2}
2018-03-05 18:35:52 [scrapy.middleware] INFO: Enabled extensions:
['scrapy.extensions.telnet.TelnetConsole',
 'scrapy.extensions.corestats.CoreStats']
2018-03-05 18:35:52 [scrapy.middleware] INFO: Enabled downloader middlewares:
['scrapy.downloadermiddlewares.httpauth.HttpAuthMiddleware',
 'scrapy.downloadermiddlewares.downloadtimeout.DownloadTimeoutMiddleware',
 'scrapy.downloadermiddlewares.defaultheaders.DefaultHeadersMiddleware',
 'scrapy.downloadermiddlewares.useragent.UserAgentMiddleware',
 'scrapy.downloadermiddlewares.retry.RetryMiddleware',
 'scrapy.downloadermiddlewares.redirect.MetaRefreshMiddleware',
 'scrapy.downloadermiddlewares.httpcompression.HttpCompressionMiddleware',
 'scrapy.downloadermiddlewares.redirect.RedirectMiddleware',
 'scrapy.downloadermiddlewares.cookies.CookiesMiddleware',
 'scrapy.downloadermiddlewares.stats.DownloaderStats']
2018-03-05 18:35:52 [scrapy.middleware] INFO: Enabled spider middlewares:
['scrapy.spidermiddlewares.httperror.HttpErrorMiddleware',
 'scrapy.spidermiddlewares.offsite.OffsiteMiddleware',
 'scrapy.spidermiddlewares.referer.RefererMiddleware',
 'scrapy.spidermiddlewares.urllength.UrlLengthMiddleware',
 'scrapy.spidermiddlewares.depth.DepthMiddleware']
2018-03-05 18:35:52 [scrapy.middleware] INFO: Enabled item pipelines:
[]
2018-03-05 18:35:52 [scrapy.extensions.telnet] DEBUG: Telnet console listening on 127.0.0.1:6027
2018-03-05 18:35:52 [scrapy.core.engine] INFO: Spider opened
2018-03-05 18:36:02 [scrapy.downloadermiddlewares.retry] DEBUG: Retrying <GET https://www.soliver.de/c/damen/jeans> (failed 1 times): DNS lookup failed: no results for hostname lookup: www.soliver.de.
2018-03-05 18:36:03 [scrapy.downloadermiddlewares.redirect] DEBUG: Redirecting (301) to <GET https://www.soliver.de/c/damen/jeans/> from <GET https://www.soliver.de/c/damen/jeans>
2018-03-05 18:36:04 [scrapy.core.engine] DEBUG: Crawled (200) <GET https://www.soliver.de/c/damen/jeans/> (referer: None)
2018-03-05 18:36:14 [scrapy.downloadermiddlewares.redirect] DEBUG: Redirecting (301) to <GET https://www.soliver.de/c/damen/jeans/> from <GET https://www.soliver.de/c/damen/jeans>
2018-03-05 18:36:14 [scrapy.core.engine] DEBUG: Crawled (200) <GET https://www.soliver.de/c/damen/jeans/> (referer: None)
2018-03-05 18:38:16 [scrapy.utils.log] INFO: Scrapy 1.3.3 started (bot: myntraretail)
2018-03-05 18:38:16 [scrapy.utils.log] INFO: Overridden settings: {'NEWSPIDER_MODULE': 'myntraretail.spiders', 'SPIDER_MODULES': ['myntraretail.spiders'], 'BOT_NAME': 'myntraretail', 'USER_AGENT': 'Mozilla/5.0 (X11; Linux x86_64) AppleWebKit/537.36 (KHTML, like Gecko) Chrome/58.0.3029.110 Safari/537.36 OPR/45.0.2552.888', 'LOG_FILE': 'scrapy.log', 'DOWNLOAD_DELAY': 0.2}
2018-03-05 18:38:16 [scrapy.middleware] INFO: Enabled extensions:
['scrapy.extensions.logstats.LogStats',
 'scrapy.extensions.telnet.TelnetConsole',
 'scrapy.extensions.corestats.CoreStats']
2018-03-05 18:38:16 [scrapy.middleware] INFO: Enabled downloader middlewares:
['scrapy.downloadermiddlewares.httpauth.HttpAuthMiddleware',
 'scrapy.downloadermiddlewares.downloadtimeout.DownloadTimeoutMiddleware',
 'scrapy.downloadermiddlewares.defaultheaders.DefaultHeadersMiddleware',
 'scrapy.downloadermiddlewares.useragent.UserAgentMiddleware',
 'scrapy.downloadermiddlewares.retry.RetryMiddleware',
 'scrapy.downloadermiddlewares.redirect.MetaRefreshMiddleware',
 'scrapy.downloadermiddlewares.httpcompression.HttpCompressionMiddleware',
 'scrapy.downloadermiddlewares.redirect.RedirectMiddleware',
 'scrapy.downloadermiddlewares.cookies.CookiesMiddleware',
 'scrapy.downloadermiddlewares.stats.DownloaderStats']
2018-03-05 18:38:16 [scrapy.middleware] INFO: Enabled spider middlewares:
['scrapy.spidermiddlewares.httperror.HttpErrorMiddleware',
 'scrapy.spidermiddlewares.offsite.OffsiteMiddleware',
 'scrapy.spidermiddlewares.referer.RefererMiddleware',
 'scrapy.spidermiddlewares.urllength.UrlLengthMiddleware',
 'scrapy.spidermiddlewares.depth.DepthMiddleware']
2018-03-05 18:38:16 [scrapy.middleware] INFO: Enabled item pipelines:
[]
2018-03-05 18:38:16 [scrapy.core.engine] INFO: Spider opened
2018-03-05 18:38:16 [scrapy.extensions.logstats] INFO: Crawled 0 pages (at 0 pages/min), scraped 0 items (at 0 items/min)
2018-03-05 18:38:16 [scrapy.extensions.telnet] DEBUG: Telnet console listening on 127.0.0.1:6028
2018-03-05 18:38:18 [scrapy.core.engine] DEBUG: Crawled (200) <GET https://www.soliver.de/> (referer: None)
2018-03-05 18:38:19 [scrapy.core.engine] DEBUG: Crawled (200) <GET https://www.soliver.de/c/herren/bestseller/> (referer: https://www.soliver.de/)
2018-03-05 18:38:19 [scrapy.core.engine] INFO: Closing spider (finished)
2018-03-05 18:38:19 [scrapy.statscollectors] INFO: Dumping Scrapy stats:
{'downloader/request_bytes': 1414,
 'downloader/request_count': 2,
 'downloader/request_method_count/GET': 2,
 'downloader/response_bytes': 123467,
 'downloader/response_count': 2,
 'downloader/response_status_count/200': 2,
 'finish_reason': 'finished',
 'finish_time': datetime.datetime(2018, 3, 5, 13, 8, 19, 343949),
 'log_count/DEBUG': 3,
 'log_count/INFO': 7,
 'request_depth_max': 1,
 'response_received_count': 2,
 'scheduler/dequeued': 2,
 'scheduler/dequeued/memory': 2,
 'scheduler/enqueued': 2,
 'scheduler/enqueued/memory': 2,
 'start_time': datetime.datetime(2018, 3, 5, 13, 8, 16, 785582)}
2018-03-05 18:38:19 [scrapy.core.engine] INFO: Spider closed (finished)
2018-03-05 18:38:48 [scrapy.utils.log] INFO: Scrapy 1.3.3 started (bot: myntraretail)
2018-03-05 18:38:48 [scrapy.utils.log] INFO: Overridden settings: {'NEWSPIDER_MODULE': 'myntraretail.spiders', 'SPIDER_MODULES': ['myntraretail.spiders'], 'BOT_NAME': 'myntraretail', 'USER_AGENT': 'Mozilla/5.0 (X11; Linux x86_64) AppleWebKit/537.36 (KHTML, like Gecko) Chrome/58.0.3029.110 Safari/537.36 OPR/45.0.2552.888', 'LOG_FILE': 'scrapy.log', 'DOWNLOAD_DELAY': 0.2}
2018-03-05 18:38:48 [scrapy.middleware] INFO: Enabled extensions:
['scrapy.extensions.logstats.LogStats',
 'scrapy.extensions.telnet.TelnetConsole',
 'scrapy.extensions.corestats.CoreStats']
2018-03-05 18:38:48 [scrapy.middleware] INFO: Enabled downloader middlewares:
['scrapy.downloadermiddlewares.httpauth.HttpAuthMiddleware',
 'scrapy.downloadermiddlewares.downloadtimeout.DownloadTimeoutMiddleware',
 'scrapy.downloadermiddlewares.defaultheaders.DefaultHeadersMiddleware',
 'scrapy.downloadermiddlewares.useragent.UserAgentMiddleware',
 'scrapy.downloadermiddlewares.retry.RetryMiddleware',
 'scrapy.downloadermiddlewares.redirect.MetaRefreshMiddleware',
 'scrapy.downloadermiddlewares.httpcompression.HttpCompressionMiddleware',
 'scrapy.downloadermiddlewares.redirect.RedirectMiddleware',
 'scrapy.downloadermiddlewares.cookies.CookiesMiddleware',
 'scrapy.downloadermiddlewares.stats.DownloaderStats']
2018-03-05 18:38:48 [scrapy.middleware] INFO: Enabled spider middlewares:
['scrapy.spidermiddlewares.httperror.HttpErrorMiddleware',
 'scrapy.spidermiddlewares.offsite.OffsiteMiddleware',
 'scrapy.spidermiddlewares.referer.RefererMiddleware',
 'scrapy.spidermiddlewares.urllength.UrlLengthMiddleware',
 'scrapy.spidermiddlewares.depth.DepthMiddleware']
2018-03-05 18:38:48 [scrapy.middleware] INFO: Enabled item pipelines:
[]
2018-03-05 18:38:48 [scrapy.core.engine] INFO: Spider opened
2018-03-05 18:38:48 [scrapy.extensions.logstats] INFO: Crawled 0 pages (at 0 pages/min), scraped 0 items (at 0 items/min)
2018-03-05 18:38:48 [scrapy.extensions.telnet] DEBUG: Telnet console listening on 127.0.0.1:6028
2018-03-05 18:38:50 [scrapy.core.engine] DEBUG: Crawled (200) <GET https://www.soliver.de/> (referer: None)
2018-03-05 18:38:50 [scrapy.dupefilters] DEBUG: Filtered duplicate request: <GET https://www.soliver.de/c/junior/struempfe/> - no more duplicates will be shown (see DUPEFILTER_DEBUG to show all duplicates)
2018-03-05 18:38:50 [scrapy.core.engine] DEBUG: Crawled (200) <GET https://www.soliver.de/c/herren/bestseller/> (referer: https://www.soliver.de/)
2018-03-05 18:38:51 [scrapy.core.engine] DEBUG: Crawled (200) <GET https://www.soliver.de/c/herren/strick/> (referer: https://www.soliver.de/)
2018-03-05 18:38:52 [scrapy.core.engine] DEBUG: Crawled (200) <GET https://www.soliver.de/c/herren/jacken/> (referer: https://www.soliver.de/)
2018-03-05 18:38:52 [scrapy.core.engine] DEBUG: Crawled (200) <GET https://www.soliver.de/c/herren/jeans/> (referer: https://www.soliver.de/)
2018-03-05 18:38:52 [scrapy.core.engine] DEBUG: Crawled (200) <GET https://www.soliver.de/c/herren/t-shirts/> (referer: https://www.soliver.de/)
2018-03-05 18:38:52 [scrapy.core.engine] DEBUG: Crawled (200) <GET https://www.soliver.de/c/herren/sweat/> (referer: https://www.soliver.de/)
2018-03-05 18:38:53 [scrapy.downloadermiddlewares.redirect] DEBUG: Redirecting (301) to <GET https://www.soliver.de/c/herren/business/anzuege/> from <GET https://www.soliver.de/c/herren/business/>
2018-03-05 18:38:53 [scrapy.core.engine] DEBUG: Crawled (200) <GET https://www.soliver.de/c/herren/anzuege/> (referer: https://www.soliver.de/)
2018-03-05 18:38:54 [scrapy.core.engine] DEBUG: Crawled (200) <GET https://www.soliver.de/c/herren/hosen/> (referer: https://www.soliver.de/)
2018-03-05 18:38:54 [scrapy.core.engine] DEBUG: Crawled (200) <GET https://www.soliver.de/c/herren/hemden/> (referer: https://www.soliver.de/)
2018-03-05 18:38:54 [scrapy.downloadermiddlewares.redirect] DEBUG: Redirecting (301) to <GET https://www.soliver.de/c/herren/unterwaesche/basics/> from <GET https://www.soliver.de/c/herren/unterwaesche/>
2018-03-05 18:38:54 [scrapy.core.engine] DEBUG: Crawled (200) <GET https://www.soliver.de/c/herren/bademode/> (referer: https://www.soliver.de/)
2018-03-05 18:38:55 [scrapy.core.engine] DEBUG: Crawled (200) <GET https://www.soliver.de/c/herren/sakkos-westen/> (referer: https://www.soliver.de/)
2018-03-05 18:38:55 [scrapy.core.engine] DEBUG: Crawled (200) <GET https://www.soliver.de/c/herren/bermudas/> (referer: https://www.soliver.de/)
2018-03-05 18:38:56 [scrapy.core.engine] DEBUG: Crawled (200) <GET https://www.soliver.de/c/herren/multipacks/> (referer: https://www.soliver.de/)
2018-03-05 18:38:57 [scrapy.core.engine] DEBUG: Crawled (200) <GET https://www.soliver.de/c/herren/basics/> (referer: https://www.soliver.de/)
2018-03-05 18:38:57 [scrapy.core.engine] DEBUG: Crawled (200) <GET https://www.soliver.de/c/herren/online-exklusiv/> (referer: https://www.soliver.de/)
2018-03-05 18:38:57 [scrapy.core.engine] DEBUG: Crawled (200) <GET https://www.soliver.de/c/herren/schuhe/> (referer: https://www.soliver.de/)
2018-03-05 18:38:58 [scrapy.core.engine] DEBUG: Crawled (200) <GET https://www.soliver.de/c/herren/schals-muetzen/> (referer: https://www.soliver.de/)
2018-03-05 18:38:58 [scrapy.core.engine] DEBUG: Crawled (200) <GET https://www.soliver.de/c/herren/struempfe/> (referer: https://www.soliver.de/)
2018-03-05 18:38:58 [scrapy.core.engine] DEBUG: Crawled (200) <GET https://www.soliver.de/c/herren/uhren/> (referer: https://www.soliver.de/)
2018-03-05 18:38:58 [scrapy.core.engine] DEBUG: Crawled (200) <GET https://www.soliver.de/c/herren/guertel/> (referer: https://www.soliver.de/)
2018-03-05 18:38:59 [scrapy.core.engine] DEBUG: Crawled (200) <GET https://www.soliver.de/c/herren/business/anzuege/> (referer: https://www.soliver.de/)
2018-03-05 18:39:00 [scrapy.core.engine] DEBUG: Crawled (200) <GET https://www.soliver.de/c/herren/krawatten/> (referer: https://www.soliver.de/)
2018-03-05 18:39:01 [scrapy.core.engine] DEBUG: Crawled (200) <GET https://www.soliver.de/c/herren/schmuck/> (referer: https://www.soliver.de/)
2018-03-05 18:39:02 [scrapy.core.engine] DEBUG: Crawled (200) <GET https://www.soliver.de/c/herren/taschen-geldboersen/> (referer: https://www.soliver.de/)
2018-03-05 18:39:03 [scrapy.core.engine] DEBUG: Crawled (200) <GET https://www.soliver.de/c/herren/sonnenbrillen/> (referer: https://www.soliver.de/)
2018-03-05 18:39:03 [scrapy.core.engine] DEBUG: Crawled (200) <GET https://www.soliver.de/c/herren/family-preis/> (referer: https://www.soliver.de/)
2018-03-05 18:39:03 [scrapy.core.engine] DEBUG: Crawled (200) <GET https://www.soliver.de/c/herren/unterwaesche/basics/> (referer: https://www.soliver.de/)
2018-03-05 18:39:04 [scrapy.core.engine] DEBUG: Crawled (200) <GET https://www.soliver.de/c/herren/fashion-charts/> (referer: https://www.soliver.de/)
2018-03-05 18:39:04 [scrapy.core.engine] DEBUG: Crawled (200) <GET https://www.soliver.de/c/herren/duefte/> (referer: https://www.soliver.de/)
2018-03-05 18:39:04 [scrapy.core.engine] DEBUG: Crawled (200) <GET https://www.soliver.de/c/herren/hoodies/> (referer: https://www.soliver.de/)
2018-03-05 18:39:04 [scrapy.core.engine] DEBUG: Crawled (200) <GET https://www.soliver.de/instagram-herren-OLAPIC_LANDINGPAGE_MEN.html> (referer: https://www.soliver.de/)
2018-03-05 18:39:04 [scrapy.core.engine] DEBUG: Crawled (200) <GET https://www.soliver.de/c/herren/regenschirme/> (referer: https://www.soliver.de/)
2018-03-05 18:39:05 [scrapy.core.engine] DEBUG: Crawled (200) <GET https://www.soliver.de/c/damen/jacken-maentel/> (referer: https://www.soliver.de/)
2018-03-05 18:39:05 [scrapy.core.engine] DEBUG: Crawled (200) <GET https://www.soliver.de/c/herren/smartandcasual/> (referer: https://www.soliver.de/)
2018-03-05 18:39:05 [scrapy.core.engine] DEBUG: Crawled (200) <GET https://www.soliver.de/c/herren/sporty-looks/> (referer: https://www.soliver.de/)
2018-03-05 18:39:05 [scrapy.core.engine] DEBUG: Crawled (200) <GET https://www.soliver.de/c/damen/jeans/> (referer: https://www.soliver.de/)
2018-03-05 18:39:05 [scrapy.core.engine] DEBUG: Crawled (200) <GET https://www.soliver.de/c/damen/bestseller/> (referer: https://www.soliver.de/)
2018-03-05 18:39:05 [scrapy.core.engine] DEBUG: Crawled (200) <GET https://www.soliver.de/c/damen/strick/> (referer: https://www.soliver.de/)
2018-03-05 18:39:05 [scrapy.core.engine] DEBUG: Crawled (200) <GET https://www.soliver.de/c/damen/blusen/> (referer: https://www.soliver.de/)
2018-03-05 18:39:06 [scrapy.core.engine] DEBUG: Crawled (200) <GET https://www.soliver.de/c/herren/black-summer/> (referer: https://www.soliver.de/)
2018-03-05 18:39:06 [scrapy.core.engine] DEBUG: Crawled (200) <GET https://www.soliver.de/c/damen/t-shirts/> (referer: https://www.soliver.de/)
2018-03-05 18:39:06 [scrapy.core.engine] DEBUG: Crawled (200) <GET https://www.soliver.de/c/damen/kleider/> (referer: https://www.soliver.de/)
2018-03-05 18:39:07 [scrapy.core.engine] DEBUG: Crawled (200) <GET https://www.soliver.de/c/damen/hosen/> (referer: https://www.soliver.de/)
2018-03-05 18:39:07 [scrapy.core.engine] DEBUG: Crawled (200) <GET https://www.soliver.de/c/damen/blazer/> (referer: https://www.soliver.de/)
2018-03-05 18:39:07 [scrapy.core.engine] DEBUG: Crawled (200) <GET https://www.soliver.de/c/damen/strickjacken/> (referer: https://www.soliver.de/)
2018-03-05 18:39:07 [scrapy.downloadermiddlewares.redirect] DEBUG: Redirecting (301) to <GET https://www.soliver.de/c/damen/business/kleider/> from <GET https://www.soliver.de/c/damen/business/>
2018-03-05 18:39:07 [scrapy.core.engine] DEBUG: Crawled (200) <GET https://www.soliver.de/c/damen/roecke/> (referer: https://www.soliver.de/)
2018-03-05 18:39:08 [scrapy.core.engine] DEBUG: Crawled (200) <GET https://www.soliver.de/c/damen/overalls-jumpsuits/> (referer: https://www.soliver.de/)
2018-03-05 18:39:08 [scrapy.core.engine] DEBUG: Crawled (200) <GET https://www.soliver.de/c/damen/sportbekleidung/> (referer: https://www.soliver.de/)
2018-03-05 18:39:08 [scrapy.core.engine] DEBUG: Crawled (200) <GET https://www.soliver.de/c/damen/dessous/> (referer: https://www.soliver.de/)
2018-03-05 18:39:09 [scrapy.core.engine] DEBUG: Crawled (200) <GET https://www.soliver.de/c/damen/ponchos/> (referer: https://www.soliver.de/)
2018-03-05 18:39:09 [scrapy.core.engine] DEBUG: Crawled (200) <GET https://www.soliver.de/c/damen/shorts/> (referer: https://www.soliver.de/)
2018-03-05 18:39:10 [scrapy.core.engine] DEBUG: Crawled (200) <GET https://www.soliver.de/c/damen/bademode/> (referer: https://www.soliver.de/)
2018-03-05 18:39:10 [scrapy.core.engine] DEBUG: Crawled (200) <GET https://www.soliver.de/c/damen/basics/> (referer: https://www.soliver.de/)
2018-03-05 18:39:11 [scrapy.core.engine] DEBUG: Crawled (200) <GET https://www.soliver.de/c/damen/dessous/nachtwaesche/> (referer: https://www.soliver.de/)
2018-03-05 18:39:11 [scrapy.core.engine] DEBUG: Crawled (200) <GET https://www.soliver.de/c/damen/schuhe/> (referer: https://www.soliver.de/)
2018-03-05 18:39:11 [scrapy.core.engine] DEBUG: Crawled (200) <GET https://www.soliver.de/c/damen/taschen/> (referer: https://www.soliver.de/)
2018-03-05 18:39:11 [scrapy.core.engine] DEBUG: Crawled (200) <GET https://www.soliver.de/c/damen/online-exklusiv/> (referer: https://www.soliver.de/)
2018-03-05 18:39:11 [scrapy.core.engine] DEBUG: Crawled (200) <GET https://www.soliver.de/c/damen/schals-muetzen/> (referer: https://www.soliver.de/)
2018-03-05 18:39:11 [scrapy.core.engine] DEBUG: Crawled (200) <GET https://www.soliver.de/c/damen/schmuck/> (referer: https://www.soliver.de/)
2018-03-05 18:39:12 [scrapy.core.engine] DEBUG: Crawled (200) <GET https://www.soliver.de/c/damen/uhren/> (referer: https://www.soliver.de/)
2018-03-05 18:39:12 [scrapy.core.engine] DEBUG: Crawled (200) <GET https://www.soliver.de/c/damen/business/kleider/> (referer: https://www.soliver.de/)
2018-03-05 18:39:13 [scrapy.core.engine] DEBUG: Crawled (200) <GET https://www.soliver.de/c/damen/guertel/> (referer: https://www.soliver.de/)
2018-03-05 18:39:13 [scrapy.core.engine] DEBUG: Crawled (200) <GET https://www.soliver.de/c/damen/struempfe/> (referer: https://www.soliver.de/)
2018-03-05 18:39:14 [scrapy.crawler] INFO: Received SIGINT, shutting down gracefully. Send again to force 
2018-03-05 18:39:14 [scrapy.core.engine] INFO: Closing spider (shutdown)
2018-03-05 18:39:14 [scrapy.core.engine] DEBUG: Crawled (200) <GET https://www.soliver.de/c/damen/modeschmuck/> (referer: https://www.soliver.de/)
2018-03-05 18:39:14 [scrapy.core.engine] DEBUG: Crawled (200) <GET https://www.soliver.de/c/damen/duefte/> (referer: https://www.soliver.de/)
2018-03-05 18:39:15 [scrapy.core.engine] DEBUG: Crawled (200) <GET https://www.soliver.de/c/damen/outdoor/> (referer: https://www.soliver.de/)
2018-03-05 18:39:15 [scrapy.core.engine] DEBUG: Crawled (200) <GET https://www.soliver.de/c/damen/regenschirme/> (referer: https://www.soliver.de/)
2018-03-05 18:39:15 [scrapy.core.engine] DEBUG: Crawled (200) <GET https://www.soliver.de/c/damen/sonnenbrillen/> (referer: https://www.soliver.de/)
2018-03-05 18:39:15 [scrapy.crawler] INFO: Received SIGINT twice, forcing unclean shutdown
2018-03-05 18:39:15 [scrapy.downloadermiddlewares.retry] DEBUG: Retrying <GET https://www.soliver.de/c/damen/stefanie-giesinger/> (failed 1 times): [<twisted.python.failure.Failure twisted.internet.error.ConnectionLost: Connection to the other side was lost in a non-clean fashion: Connection lost.>, <twisted.python.failure.Failure twisted.web.http._DataLoss: Chunked decoder in 'CHUNK_LENGTH' state, still expecting more data to get to 'FINISHED' state.>]
2018-03-05 18:39:36 [scrapy.utils.log] INFO: Scrapy 1.3.3 started (bot: myntraretail)
2018-03-05 18:39:36 [scrapy.utils.log] INFO: Overridden settings: {'NEWSPIDER_MODULE': 'myntraretail.spiders', 'SPIDER_MODULES': ['myntraretail.spiders'], 'BOT_NAME': 'myntraretail', 'USER_AGENT': 'Mozilla/5.0 (X11; Linux x86_64) AppleWebKit/537.36 (KHTML, like Gecko) Chrome/58.0.3029.110 Safari/537.36 OPR/45.0.2552.888', 'LOG_FILE': 'scrapy.log', 'DOWNLOAD_DELAY': 0.2}
2018-03-05 18:39:36 [scrapy.middleware] INFO: Enabled extensions:
['scrapy.extensions.logstats.LogStats',
 'scrapy.extensions.telnet.TelnetConsole',
 'scrapy.extensions.corestats.CoreStats']
2018-03-05 18:39:36 [scrapy.middleware] INFO: Enabled downloader middlewares:
['scrapy.downloadermiddlewares.httpauth.HttpAuthMiddleware',
 'scrapy.downloadermiddlewares.downloadtimeout.DownloadTimeoutMiddleware',
 'scrapy.downloadermiddlewares.defaultheaders.DefaultHeadersMiddleware',
 'scrapy.downloadermiddlewares.useragent.UserAgentMiddleware',
 'scrapy.downloadermiddlewares.retry.RetryMiddleware',
 'scrapy.downloadermiddlewares.redirect.MetaRefreshMiddleware',
 'scrapy.downloadermiddlewares.httpcompression.HttpCompressionMiddleware',
 'scrapy.downloadermiddlewares.redirect.RedirectMiddleware',
 'scrapy.downloadermiddlewares.cookies.CookiesMiddleware',
 'scrapy.downloadermiddlewares.stats.DownloaderStats']
2018-03-05 18:39:36 [scrapy.middleware] INFO: Enabled spider middlewares:
['scrapy.spidermiddlewares.httperror.HttpErrorMiddleware',
 'scrapy.spidermiddlewares.offsite.OffsiteMiddleware',
 'scrapy.spidermiddlewares.referer.RefererMiddleware',
 'scrapy.spidermiddlewares.urllength.UrlLengthMiddleware',
 'scrapy.spidermiddlewares.depth.DepthMiddleware']
2018-03-05 18:39:36 [scrapy.middleware] INFO: Enabled item pipelines:
[]
2018-03-05 18:39:36 [scrapy.core.engine] INFO: Spider opened
2018-03-05 18:39:36 [scrapy.extensions.logstats] INFO: Crawled 0 pages (at 0 pages/min), scraped 0 items (at 0 items/min)
2018-03-05 18:39:36 [scrapy.extensions.telnet] DEBUG: Telnet console listening on 127.0.0.1:6028
2018-03-05 18:39:37 [scrapy.core.engine] DEBUG: Crawled (200) <GET https://www.soliver.de/> (referer: None)
2018-03-05 18:39:37 [scrapy.dupefilters] DEBUG: Filtered duplicate request: <GET https://www.soliver.de/c/junior/struempfe/> - no more duplicates will be shown (see DUPEFILTER_DEBUG to show all duplicates)
2018-03-05 18:39:38 [scrapy.core.engine] DEBUG: Crawled (200) <GET https://www.soliver.de/c/herren/bestseller/> (referer: https://www.soliver.de/)
2018-03-05 18:39:38 [scrapy.core.engine] DEBUG: Crawled (200) <GET https://www.soliver.de/c/herren/jeans/> (referer: https://www.soliver.de/)
2018-03-05 18:39:39 [scrapy.core.engine] DEBUG: Crawled (200) <GET https://www.soliver.de/c/herren/strick/> (referer: https://www.soliver.de/)
2018-03-05 18:39:39 [scrapy.core.engine] DEBUG: Crawled (200) <GET https://www.soliver.de/c/herren/t-shirts/> (referer: https://www.soliver.de/)
2018-03-05 18:39:39 [scrapy.core.engine] DEBUG: Crawled (200) <GET https://www.soliver.de/c/herren/jacken/> (referer: https://www.soliver.de/)
2018-03-05 18:39:40 [scrapy.core.engine] DEBUG: Crawled (200) <GET https://www.soliver.de/c/herren/hosen/> (referer: https://www.soliver.de/)
2018-03-05 18:39:40 [scrapy.downloadermiddlewares.redirect] DEBUG: Redirecting (301) to <GET https://www.soliver.de/c/herren/business/anzuege/> from <GET https://www.soliver.de/c/herren/business/>
2018-03-05 18:39:40 [scrapy.core.engine] DEBUG: Crawled (200) <GET https://www.soliver.de/c/herren/hemden/> (referer: https://www.soliver.de/)
2018-03-05 18:39:40 [scrapy.core.engine] DEBUG: Crawled (200) <GET https://www.soliver.de/c/herren/sweat/> (referer: https://www.soliver.de/)
2018-03-05 18:39:41 [scrapy.downloadermiddlewares.redirect] DEBUG: Redirecting (301) to <GET https://www.soliver.de/c/herren/unterwaesche/basics/> from <GET https://www.soliver.de/c/herren/unterwaesche/>
2018-03-05 18:39:41 [scrapy.core.engine] DEBUG: Crawled (200) <GET https://www.soliver.de/c/herren/sakkos-westen/> (referer: https://www.soliver.de/)
2018-03-05 18:39:42 [scrapy.core.engine] DEBUG: Crawled (200) <GET https://www.soliver.de/c/herren/multipacks/> (referer: https://www.soliver.de/)
2018-03-05 18:39:42 [scrapy.core.engine] DEBUG: Crawled (200) <GET https://www.soliver.de/c/herren/anzuege/> (referer: https://www.soliver.de/)
2018-03-05 18:39:42 [scrapy.core.engine] DEBUG: Crawled (200) <GET https://www.soliver.de/c/herren/bademode/> (referer: https://www.soliver.de/)
2018-03-05 18:39:42 [scrapy.core.engine] DEBUG: Crawled (200) <GET https://www.soliver.de/c/herren/bermudas/> (referer: https://www.soliver.de/)
2018-03-05 18:39:44 [scrapy.core.engine] DEBUG: Crawled (200) <GET https://www.soliver.de/c/herren/online-exklusiv/> (referer: https://www.soliver.de/)
2018-03-05 18:39:45 [scrapy.core.engine] DEBUG: Crawled (200) <GET https://www.soliver.de/c/herren/basics/> (referer: https://www.soliver.de/)
2018-03-05 18:39:46 [scrapy.core.engine] DEBUG: Crawled (200) <GET https://www.soliver.de/c/herren/schuhe/> (referer: https://www.soliver.de/)
2018-03-05 18:39:46 [scrapy.core.engine] DEBUG: Crawled (200) <GET https://www.soliver.de/c/herren/uhren/> (referer: https://www.soliver.de/)
2018-03-05 18:39:47 [scrapy.core.engine] DEBUG: Crawled (200) <GET https://www.soliver.de/c/herren/schals-muetzen/> (referer: https://www.soliver.de/)
2018-03-05 18:39:47 [scrapy.core.engine] DEBUG: Crawled (200) <GET https://www.soliver.de/c/herren/guertel/> (referer: https://www.soliver.de/)
2018-03-05 18:39:47 [scrapy.core.engine] DEBUG: Crawled (200) <GET https://www.soliver.de/c/herren/struempfe/> (referer: https://www.soliver.de/)
2018-03-05 18:39:47 [scrapy.core.engine] DEBUG: Crawled (200) <GET https://www.soliver.de/c/herren/business/anzuege/> (referer: https://www.soliver.de/)
2018-03-05 18:39:48 [scrapy.core.engine] DEBUG: Crawled (200) <GET https://www.soliver.de/c/herren/krawatten/> (referer: https://www.soliver.de/)
2018-03-05 18:39:49 [scrapy.core.engine] DEBUG: Crawled (200) <GET https://www.soliver.de/c/herren/schmuck/> (referer: https://www.soliver.de/)
2018-03-05 18:39:51 [scrapy.core.engine] DEBUG: Crawled (200) <GET https://www.soliver.de/c/herren/fashion-charts/> (referer: https://www.soliver.de/)
2018-03-05 18:39:51 [scrapy.core.engine] DEBUG: Crawled (200) <GET https://www.soliver.de/c/herren/regenschirme/> (referer: https://www.soliver.de/)
2018-03-05 18:39:51 [scrapy.core.engine] DEBUG: Crawled (200) <GET https://www.soliver.de/c/herren/taschen-geldboersen/> (referer: https://www.soliver.de/)
2018-03-05 18:39:51 [scrapy.core.engine] DEBUG: Crawled (200) <GET https://www.soliver.de/c/herren/family-preis/> (referer: https://www.soliver.de/)
2018-03-05 18:39:51 [scrapy.core.engine] DEBUG: Crawled (200) <GET https://www.soliver.de/c/herren/sonnenbrillen/> (referer: https://www.soliver.de/)
2018-03-05 18:39:51 [scrapy.core.engine] DEBUG: Crawled (200) <GET https://www.soliver.de/c/herren/unterwaesche/basics/> (referer: https://www.soliver.de/)
2018-03-05 18:39:51 [scrapy.core.engine] DEBUG: Crawled (200) <GET https://www.soliver.de/c/herren/hoodies/> (referer: https://www.soliver.de/)
2018-03-05 18:39:52 [scrapy.core.engine] DEBUG: Crawled (200) <GET https://www.soliver.de/c/herren/duefte/> (referer: https://www.soliver.de/)
2018-03-05 18:39:52 [scrapy.core.engine] DEBUG: Crawled (200) <GET https://www.soliver.de/c/herren/smartandcasual/> (referer: https://www.soliver.de/)
2018-03-05 18:39:52 [scrapy.core.engine] DEBUG: Crawled (200) <GET https://www.soliver.de/instagram-herren-OLAPIC_LANDINGPAGE_MEN.html> (referer: https://www.soliver.de/)
2018-03-05 18:39:53 [scrapy.core.engine] DEBUG: Crawled (200) <GET https://www.soliver.de/c/damen/bestseller/> (referer: https://www.soliver.de/)
2018-03-05 18:39:53 [scrapy.core.engine] DEBUG: Crawled (200) <GET https://www.soliver.de/c/herren/black-summer/> (referer: https://www.soliver.de/)
2018-03-05 18:39:53 [scrapy.core.engine] DEBUG: Crawled (200) <GET https://www.soliver.de/c/damen/jacken-maentel/> (referer: https://www.soliver.de/)
2018-03-05 18:39:53 [scrapy.core.engine] DEBUG: Crawled (200) <GET https://www.soliver.de/c/damen/strick/> (referer: https://www.soliver.de/)
2018-03-05 18:39:53 [scrapy.core.engine] DEBUG: Crawled (200) <GET https://www.soliver.de/c/damen/blusen/> (referer: https://www.soliver.de/)
2018-03-05 18:39:53 [scrapy.core.engine] DEBUG: Crawled (200) <GET https://www.soliver.de/c/damen/jeans/> (referer: https://www.soliver.de/)
2018-03-05 18:39:54 [scrapy.core.engine] DEBUG: Crawled (200) <GET https://www.soliver.de/c/damen/t-shirts/> (referer: https://www.soliver.de/)
2018-03-05 18:39:54 [scrapy.core.engine] DEBUG: Crawled (200) <GET https://www.soliver.de/c/damen/strickjacken/> (referer: https://www.soliver.de/)
2018-03-05 18:39:54 [scrapy.core.engine] DEBUG: Crawled (200) <GET https://www.soliver.de/c/herren/sporty-looks/> (referer: https://www.soliver.de/)
2018-03-05 18:39:54 [scrapy.core.engine] DEBUG: Crawled (200) <GET https://www.soliver.de/c/damen/hosen/> (referer: https://www.soliver.de/)
2018-03-05 18:39:54 [scrapy.core.engine] DEBUG: Crawled (200) <GET https://www.soliver.de/c/damen/kleider/> (referer: https://www.soliver.de/)
2018-03-05 18:39:54 [scrapy.core.engine] DEBUG: Crawled (200) <GET https://www.soliver.de/c/damen/blazer/> (referer: https://www.soliver.de/)
2018-03-05 18:39:55 [scrapy.core.engine] DEBUG: Crawled (200) <GET https://www.soliver.de/c/damen/roecke/> (referer: https://www.soliver.de/)
2018-03-05 18:39:55 [scrapy.downloadermiddlewares.redirect] DEBUG: Redirecting (301) to <GET https://www.soliver.de/c/damen/business/kleider/> from <GET https://www.soliver.de/c/damen/business/>
2018-03-05 18:39:55 [scrapy.core.engine] DEBUG: Crawled (200) <GET https://www.soliver.de/c/damen/overalls-jumpsuits/> (referer: https://www.soliver.de/)
2018-03-05 18:39:56 [scrapy.core.engine] DEBUG: Crawled (200) <GET https://www.soliver.de/c/damen/sportbekleidung/> (referer: https://www.soliver.de/)
2018-03-05 18:39:57 [scrapy.core.engine] DEBUG: Crawled (200) <GET https://www.soliver.de/c/damen/shorts/> (referer: https://www.soliver.de/)
2018-03-05 18:39:57 [scrapy.core.engine] DEBUG: Crawled (200) <GET https://www.soliver.de/c/damen/dessous/> (referer: https://www.soliver.de/)
2018-03-05 18:39:57 [scrapy.core.engine] DEBUG: Crawled (200) <GET https://www.soliver.de/c/damen/ponchos/> (referer: https://www.soliver.de/)
2018-03-05 18:39:57 [scrapy.core.engine] DEBUG: Crawled (200) <GET https://www.soliver.de/c/damen/basics/> (referer: https://www.soliver.de/)
2018-03-05 18:39:58 [scrapy.core.engine] DEBUG: Crawled (200) <GET https://www.soliver.de/c/damen/dessous/nachtwaesche/> (referer: https://www.soliver.de/)
2018-03-05 18:39:58 [scrapy.core.engine] DEBUG: Crawled (200) <GET https://www.soliver.de/c/damen/bademode/> (referer: https://www.soliver.de/)
2018-03-05 18:39:58 [scrapy.core.engine] DEBUG: Crawled (200) <GET https://www.soliver.de/c/damen/online-exklusiv/> (referer: https://www.soliver.de/)
2018-03-05 18:39:59 [scrapy.core.engine] DEBUG: Crawled (200) <GET https://www.soliver.de/c/damen/schuhe/> (referer: https://www.soliver.de/)
2018-03-05 18:39:59 [scrapy.crawler] INFO: Received SIGINT, shutting down gracefully. Send again to force 
2018-03-05 18:39:59 [scrapy.core.engine] INFO: Closing spider (shutdown)
2018-03-05 18:39:59 [scrapy.core.engine] DEBUG: Crawled (200) <GET https://www.soliver.de/c/damen/schals-muetzen/> (referer: https://www.soliver.de/)
2018-03-05 18:39:59 [scrapy.core.engine] DEBUG: Crawled (200) <GET https://www.soliver.de/c/damen/taschen/> (referer: https://www.soliver.de/)
2018-03-05 18:39:59 [scrapy.crawler] INFO: Received SIGINT twice, forcing unclean shutdown
2018-03-05 18:39:59 [scrapy.downloadermiddlewares.retry] DEBUG: Retrying <GET https://www.soliver.de/c/damen/guertel/> (failed 1 times): [<twisted.python.failure.Failure twisted.internet.error.ConnectionLost: Connection to the other side was lost in a non-clean fashion: Connection lost.>, <twisted.python.failure.Failure twisted.web.http._DataLoss: Chunked decoder in 'CHUNK_LENGTH' state, still expecting more data to get to 'FINISHED' state.>]
2018-03-05 18:39:59 [scrapy.downloadermiddlewares.retry] DEBUG: Retrying <GET https://www.soliver.de/c/damen/uhren/> (failed 1 times): [<twisted.python.failure.Failure twisted.internet.error.ConnectionLost: Connection to the other side was lost in a non-clean fashion: Connection lost.>, <twisted.python.failure.Failure twisted.web.http._DataLoss: Chunked decoder in 'CHUNK_LENGTH' state, still expecting more data to get to 'FINISHED' state.>]
2018-03-05 19:25:45 [scrapy.utils.log] INFO: Scrapy 1.3.3 started (bot: myntraretail)
2018-03-05 19:25:45 [scrapy.utils.log] INFO: Overridden settings: {'NEWSPIDER_MODULE': 'myntraretail.spiders', 'SPIDER_MODULES': ['myntraretail.spiders'], 'BOT_NAME': 'myntraretail', 'USER_AGENT': 'Mozilla/5.0 (X11; Linux x86_64) AppleWebKit/537.36 (KHTML, like Gecko) Chrome/58.0.3029.110 Safari/537.36 OPR/45.0.2552.888', 'LOG_FILE': 'scrapy.log', 'DOWNLOAD_DELAY': 0.2}
2018-03-05 19:25:45 [scrapy.middleware] INFO: Enabled extensions:
['scrapy.extensions.logstats.LogStats',
 'scrapy.extensions.telnet.TelnetConsole',
 'scrapy.extensions.corestats.CoreStats']
2018-03-05 19:25:45 [scrapy.middleware] INFO: Enabled downloader middlewares:
['scrapy.downloadermiddlewares.httpauth.HttpAuthMiddleware',
 'scrapy.downloadermiddlewares.downloadtimeout.DownloadTimeoutMiddleware',
 'scrapy.downloadermiddlewares.defaultheaders.DefaultHeadersMiddleware',
 'scrapy.downloadermiddlewares.useragent.UserAgentMiddleware',
 'scrapy.downloadermiddlewares.retry.RetryMiddleware',
 'scrapy.downloadermiddlewares.redirect.MetaRefreshMiddleware',
 'scrapy.downloadermiddlewares.httpcompression.HttpCompressionMiddleware',
 'scrapy.downloadermiddlewares.redirect.RedirectMiddleware',
 'scrapy.downloadermiddlewares.cookies.CookiesMiddleware',
 'scrapy.downloadermiddlewares.stats.DownloaderStats']
2018-03-05 19:25:45 [scrapy.middleware] INFO: Enabled spider middlewares:
['scrapy.spidermiddlewares.httperror.HttpErrorMiddleware',
 'scrapy.spidermiddlewares.offsite.OffsiteMiddleware',
 'scrapy.spidermiddlewares.referer.RefererMiddleware',
 'scrapy.spidermiddlewares.urllength.UrlLengthMiddleware',
 'scrapy.spidermiddlewares.depth.DepthMiddleware']
2018-03-05 19:25:45 [scrapy.middleware] INFO: Enabled item pipelines:
[]
2018-03-05 19:25:45 [scrapy.core.engine] INFO: Spider opened
2018-03-05 19:25:45 [scrapy.extensions.logstats] INFO: Crawled 0 pages (at 0 pages/min), scraped 0 items (at 0 items/min)
2018-03-05 19:25:45 [scrapy.extensions.telnet] DEBUG: Telnet console listening on 127.0.0.1:6028
2018-03-05 19:25:46 [scrapy.core.engine] DEBUG: Crawled (200) <GET https://www.soliver.de/> (referer: None)
2018-03-05 19:25:47 [scrapy.dupefilters] DEBUG: Filtered duplicate request: <GET https://www.soliver.de/c/junior/struempfe/> - no more duplicates will be shown (see DUPEFILTER_DEBUG to show all duplicates)
2018-03-05 19:25:48 [scrapy.core.engine] DEBUG: Crawled (200) <GET https://www.soliver.de/c/herren/jacken/> (referer: https://www.soliver.de/)
2018-03-05 19:25:48 [scrapy.core.engine] DEBUG: Crawled (200) <GET https://www.soliver.de/c/herren/bestseller/> (referer: https://www.soliver.de/)
2018-03-05 19:25:49 [scrapy.core.engine] DEBUG: Crawled (200) <GET https://www.soliver.de/c/herren/jeans/> (referer: https://www.soliver.de/)
2018-03-05 19:25:50 [scrapy.core.engine] DEBUG: Crawled (200) <GET https://www.soliver.de/c/herren/hemden/> (referer: https://www.soliver.de/)
2018-03-05 19:25:50 [scrapy.core.engine] DEBUG: Crawled (200) <GET https://www.soliver.de/c/herren/sweat/> (referer: https://www.soliver.de/)
2018-03-05 19:25:50 [scrapy.core.engine] DEBUG: Crawled (200) <GET https://www.soliver.de/c/herren/strick/> (referer: https://www.soliver.de/)
2018-03-05 19:25:50 [scrapy.downloadermiddlewares.redirect] DEBUG: Redirecting (301) to <GET https://www.soliver.de/c/herren/business/anzuege/> from <GET https://www.soliver.de/c/herren/business/>
2018-03-05 19:25:50 [scrapy.core.engine] DEBUG: Crawled (200) <GET https://www.soliver.de/c/herren/anzuege/> (referer: https://www.soliver.de/)
2018-03-05 19:25:51 [scrapy.core.engine] DEBUG: Crawled (200) <GET https://www.soliver.de/c/herren/hosen/> (referer: https://www.soliver.de/)
2018-03-05 19:25:51 [scrapy.core.engine] DEBUG: Crawled (200) <GET https://www.soliver.de/c/herren/sakkos-westen/> (referer: https://www.soliver.de/)
2018-03-05 19:25:51 [scrapy.core.engine] DEBUG: Crawled (200) <GET https://www.soliver.de/c/herren/t-shirts/> (referer: https://www.soliver.de/)
2018-03-05 19:25:52 [scrapy.core.engine] DEBUG: Crawled (200) <GET https://www.soliver.de/c/herren/bermudas/> (referer: https://www.soliver.de/)
2018-03-05 19:25:52 [scrapy.downloadermiddlewares.redirect] DEBUG: Redirecting (301) to <GET https://www.soliver.de/c/herren/unterwaesche/basics/> from <GET https://www.soliver.de/c/herren/unterwaesche/>
2018-03-05 19:25:52 [scrapy.core.engine] DEBUG: Crawled (200) <GET https://www.soliver.de/c/herren/bademode/> (referer: https://www.soliver.de/)
2018-03-05 19:25:52 [scrapy.core.engine] DEBUG: Crawled (200) <GET https://www.soliver.de/c/herren/multipacks/> (referer: https://www.soliver.de/)
2018-03-05 19:25:53 [scrapy.core.engine] DEBUG: Crawled (200) <GET https://www.soliver.de/c/herren/basics/> (referer: https://www.soliver.de/)
2018-03-05 19:25:54 [scrapy.core.engine] DEBUG: Crawled (200) <GET https://www.soliver.de/c/herren/schuhe/> (referer: https://www.soliver.de/)
2018-03-05 19:25:54 [scrapy.core.engine] DEBUG: Crawled (200) <GET https://www.soliver.de/c/herren/online-exklusiv/> (referer: https://www.soliver.de/)
2018-03-05 19:25:54 [scrapy.core.engine] DEBUG: Crawled (200) <GET https://www.soliver.de/c/herren/schals-muetzen/> (referer: https://www.soliver.de/)
2018-03-05 19:25:54 [scrapy.core.engine] DEBUG: Crawled (200) <GET https://www.soliver.de/c/herren/guertel/> (referer: https://www.soliver.de/)
2018-03-05 19:25:54 [scrapy.core.engine] DEBUG: Crawled (200) <GET https://www.soliver.de/c/herren/uhren/> (referer: https://www.soliver.de/)
2018-03-05 19:25:54 [scrapy.core.engine] DEBUG: Crawled (200) <GET https://www.soliver.de/c/herren/business/anzuege/> (referer: https://www.soliver.de/)
2018-03-05 19:25:54 [scrapy.core.engine] DEBUG: Crawled (200) <GET https://www.soliver.de/c/herren/krawatten/> (referer: https://www.soliver.de/)
2018-03-05 19:25:55 [scrapy.core.engine] DEBUG: Crawled (200) <GET https://www.soliver.de/c/herren/struempfe/> (referer: https://www.soliver.de/)
2018-03-05 19:25:55 [scrapy.core.engine] DEBUG: Crawled (200) <GET https://www.soliver.de/c/herren/schmuck/> (referer: https://www.soliver.de/)
2018-03-05 19:25:55 [scrapy.core.engine] DEBUG: Crawled (200) <GET https://www.soliver.de/c/herren/duefte/> (referer: https://www.soliver.de/)
2018-03-05 19:25:55 [scrapy.core.engine] DEBUG: Crawled (200) <GET https://www.soliver.de/c/herren/unterwaesche/basics/> (referer: https://www.soliver.de/)
2018-03-05 19:25:55 [scrapy.core.engine] DEBUG: Crawled (200) <GET https://www.soliver.de/c/herren/taschen-geldboersen/> (referer: https://www.soliver.de/)
2018-03-05 19:25:56 [scrapy.core.engine] DEBUG: Crawled (200) <GET https://www.soliver.de/c/herren/family-preis/> (referer: https://www.soliver.de/)
2018-03-05 19:25:56 [scrapy.core.engine] DEBUG: Crawled (200) <GET https://www.soliver.de/c/herren/fashion-charts/> (referer: https://www.soliver.de/)
2018-03-05 19:25:56 [scrapy.core.engine] DEBUG: Crawled (200) <GET https://www.soliver.de/c/herren/regenschirme/> (referer: https://www.soliver.de/)
2018-03-05 19:25:57 [scrapy.core.engine] DEBUG: Crawled (200) <GET https://www.soliver.de/c/herren/hoodies/> (referer: https://www.soliver.de/)
2018-03-05 19:25:57 [scrapy.core.engine] DEBUG: Crawled (200) <GET https://www.soliver.de/c/herren/sonnenbrillen/> (referer: https://www.soliver.de/)
2018-03-05 19:25:58 [scrapy.core.engine] DEBUG: Crawled (200) <GET https://www.soliver.de/c/herren/black-summer/> (referer: https://www.soliver.de/)
2018-03-05 19:25:58 [scrapy.core.engine] DEBUG: Crawled (200) <GET https://www.soliver.de/c/herren/smartandcasual/> (referer: https://www.soliver.de/)
2018-03-05 19:25:58 [scrapy.core.engine] DEBUG: Crawled (200) <GET https://www.soliver.de/instagram-herren-OLAPIC_LANDINGPAGE_MEN.html> (referer: https://www.soliver.de/)
2018-03-05 19:25:59 [scrapy.core.engine] DEBUG: Crawled (200) <GET https://www.soliver.de/c/damen/t-shirts/> (referer: https://www.soliver.de/)
2018-03-05 19:25:59 [scrapy.core.engine] DEBUG: Crawled (200) <GET https://www.soliver.de/c/damen/jeans/> (referer: https://www.soliver.de/)
2018-03-05 19:25:59 [scrapy.core.engine] DEBUG: Crawled (200) <GET https://www.soliver.de/c/damen/blusen/> (referer: https://www.soliver.de/)
2018-03-05 19:25:59 [scrapy.core.engine] DEBUG: Crawled (200) <GET https://www.soliver.de/c/herren/sporty-looks/> (referer: https://www.soliver.de/)
2018-03-05 19:26:00 [scrapy.core.engine] DEBUG: Crawled (200) <GET https://www.soliver.de/c/damen/strickjacken/> (referer: https://www.soliver.de/)
2018-03-05 19:26:00 [scrapy.core.engine] DEBUG: Crawled (200) <GET https://www.soliver.de/c/damen/strick/> (referer: https://www.soliver.de/)
2018-03-05 19:26:00 [scrapy.core.engine] DEBUG: Crawled (200) <GET https://www.soliver.de/c/damen/bestseller/> (referer: https://www.soliver.de/)
2018-03-05 19:26:00 [scrapy.core.engine] DEBUG: Crawled (200) <GET https://www.soliver.de/c/damen/kleider/> (referer: https://www.soliver.de/)
2018-03-05 19:26:00 [scrapy.core.engine] DEBUG: Crawled (200) <GET https://www.soliver.de/c/damen/jacken-maentel/> (referer: https://www.soliver.de/)
2018-03-05 19:26:01 [scrapy.downloadermiddlewares.redirect] DEBUG: Redirecting (301) to <GET https://www.soliver.de/c/damen/business/kleider/> from <GET https://www.soliver.de/c/damen/business/>
2018-03-05 19:26:01 [scrapy.core.engine] DEBUG: Crawled (200) <GET https://www.soliver.de/c/damen/blazer/> (referer: https://www.soliver.de/)
2018-03-05 19:26:01 [scrapy.crawler] INFO: Received SIGINT, shutting down gracefully. Send again to force 
2018-03-05 19:26:01 [scrapy.core.engine] DEBUG: Crawled (200) <GET https://www.soliver.de/c/damen/hosen/> (referer: https://www.soliver.de/)
2018-03-05 19:26:01 [scrapy.core.engine] INFO: Closing spider (shutdown)
2018-03-05 19:26:01 [scrapy.core.engine] DEBUG: Crawled (200) <GET https://www.soliver.de/c/damen/roecke/> (referer: https://www.soliver.de/)
2018-03-05 19:26:02 [scrapy.core.engine] DEBUG: Crawled (200) <GET https://www.soliver.de/c/damen/ponchos/> (referer: https://www.soliver.de/)
2018-03-05 19:26:02 [scrapy.crawler] INFO: Received SIGINT twice, forcing unclean shutdown
2018-03-05 19:26:02 [scrapy.downloadermiddlewares.retry] DEBUG: Retrying <GET https://www.soliver.de/c/damen/overalls-jumpsuits/> (failed 1 times): [<twisted.python.failure.Failure twisted.internet.error.ConnectionLost: Connection to the other side was lost in a non-clean fashion: Connection lost.>, <twisted.python.failure.Failure twisted.web.http._DataLoss: Chunked decoder in 'BODY' state, still expecting more data to get to 'FINISHED' state.>]
2018-03-05 19:26:02 [scrapy.downloadermiddlewares.retry] DEBUG: Retrying <GET https://www.soliver.de/c/damen/dessous/> (failed 1 times): [<twisted.python.failure.Failure twisted.internet.error.ConnectionLost: Connection to the other side was lost in a non-clean fashion: Connection lost.>, <twisted.python.failure.Failure twisted.web.http._DataLoss: Chunked decoder in 'BODY' state, still expecting more data to get to 'FINISHED' state.>]
2018-03-05 19:26:02 [scrapy.downloadermiddlewares.retry] DEBUG: Retrying <GET https://www.soliver.de/c/damen/sportbekleidung/> (failed 1 times): [<twisted.python.failure.Failure twisted.internet.error.ConnectionLost: Connection to the other side was lost in a non-clean fashion: Connection lost.>, <twisted.python.failure.Failure twisted.web.http._DataLoss: Chunked decoder in 'BODY' state, still expecting more data to get to 'FINISHED' state.>]
2018-03-05 19:30:07 [scrapy.utils.log] INFO: Scrapy 1.3.3 started (bot: myntraretail)
2018-03-05 19:30:07 [scrapy.utils.log] INFO: Overridden settings: {'NEWSPIDER_MODULE': 'myntraretail.spiders', 'SPIDER_MODULES': ['myntraretail.spiders'], 'BOT_NAME': 'myntraretail', 'USER_AGENT': 'Mozilla/5.0 (X11; Linux x86_64) AppleWebKit/537.36 (KHTML, like Gecko) Chrome/58.0.3029.110 Safari/537.36 OPR/45.0.2552.888', 'LOG_FILE': 'scrapy.log', 'DOWNLOAD_DELAY': 0.2}
2018-03-05 19:30:07 [scrapy.middleware] INFO: Enabled extensions:
['scrapy.extensions.logstats.LogStats',
 'scrapy.extensions.telnet.TelnetConsole',
 'scrapy.extensions.corestats.CoreStats']
2018-03-05 19:30:07 [scrapy.middleware] INFO: Enabled downloader middlewares:
['scrapy.downloadermiddlewares.httpauth.HttpAuthMiddleware',
 'scrapy.downloadermiddlewares.downloadtimeout.DownloadTimeoutMiddleware',
 'scrapy.downloadermiddlewares.defaultheaders.DefaultHeadersMiddleware',
 'scrapy.downloadermiddlewares.useragent.UserAgentMiddleware',
 'scrapy.downloadermiddlewares.retry.RetryMiddleware',
 'scrapy.downloadermiddlewares.redirect.MetaRefreshMiddleware',
 'scrapy.downloadermiddlewares.httpcompression.HttpCompressionMiddleware',
 'scrapy.downloadermiddlewares.redirect.RedirectMiddleware',
 'scrapy.downloadermiddlewares.cookies.CookiesMiddleware',
 'scrapy.downloadermiddlewares.stats.DownloaderStats']
2018-03-05 19:30:07 [scrapy.middleware] INFO: Enabled spider middlewares:
['scrapy.spidermiddlewares.httperror.HttpErrorMiddleware',
 'scrapy.spidermiddlewares.offsite.OffsiteMiddleware',
 'scrapy.spidermiddlewares.referer.RefererMiddleware',
 'scrapy.spidermiddlewares.urllength.UrlLengthMiddleware',
 'scrapy.spidermiddlewares.depth.DepthMiddleware']
2018-03-05 19:30:07 [scrapy.middleware] INFO: Enabled item pipelines:
[]
2018-03-05 19:30:07 [scrapy.core.engine] INFO: Spider opened
2018-03-05 19:30:07 [scrapy.extensions.logstats] INFO: Crawled 0 pages (at 0 pages/min), scraped 0 items (at 0 items/min)
2018-03-05 19:30:07 [scrapy.extensions.telnet] DEBUG: Telnet console listening on 127.0.0.1:6028
2018-03-05 19:30:08 [scrapy.core.engine] DEBUG: Crawled (200) <GET https://www.soliver.de/> (referer: None)
2018-03-05 19:30:09 [scrapy.dupefilters] DEBUG: Filtered duplicate request: <GET https://www.soliver.de/c/junior/struempfe/> - no more duplicates will be shown (see DUPEFILTER_DEBUG to show all duplicates)
2018-03-05 19:30:10 [scrapy.core.engine] DEBUG: Crawled (200) <GET https://www.soliver.de/c/herren/bestseller/> (referer: https://www.soliver.de/)
2018-03-05 19:30:10 [scrapy.core.engine] DEBUG: Crawled (200) <GET https://www.soliver.de/c/herren/jeans/> (referer: https://www.soliver.de/)
2018-03-05 19:30:10 [scrapy.core.engine] DEBUG: Crawled (200) <GET https://www.soliver.de/c/herren/jacken/> (referer: https://www.soliver.de/)
2018-03-05 19:30:11 [scrapy.core.engine] DEBUG: Crawled (200) <GET https://www.soliver.de/c/herren/strick/> (referer: https://www.soliver.de/)
2018-03-05 19:30:11 [scrapy.core.engine] DEBUG: Crawled (200) <GET https://www.soliver.de/c/herren/t-shirts/> (referer: https://www.soliver.de/)
2018-03-05 19:30:11 [scrapy.core.engine] DEBUG: Crawled (200) <GET https://www.soliver.de/c/herren/hosen/> (referer: https://www.soliver.de/)
2018-03-05 19:30:11 [scrapy.core.engine] DEBUG: Crawled (200) <GET https://www.soliver.de/c/herren/hemden/> (referer: https://www.soliver.de/)
2018-03-05 19:30:11 [scrapy.downloadermiddlewares.redirect] DEBUG: Redirecting (301) to <GET https://www.soliver.de/c/herren/business/anzuege/> from <GET https://www.soliver.de/c/herren/business/>
2018-03-05 19:30:11 [scrapy.core.engine] DEBUG: Crawled (200) <GET https://www.soliver.de/c/herren/sweat/> (referer: https://www.soliver.de/)
2018-03-05 19:30:12 [scrapy.core.engine] DEBUG: Crawled (200) <GET https://www.soliver.de/c/herren/anzuege/> (referer: https://www.soliver.de/)
2018-03-05 19:30:12 [scrapy.core.engine] DEBUG: Crawled (200) <GET https://www.soliver.de/c/herren/sakkos-westen/> (referer: https://www.soliver.de/)
2018-03-05 19:30:12 [scrapy.core.engine] DEBUG: Crawled (200) <GET https://www.soliver.de/c/herren/bermudas/> (referer: https://www.soliver.de/)
2018-03-05 19:30:12 [scrapy.downloadermiddlewares.redirect] DEBUG: Redirecting (301) to <GET https://www.soliver.de/c/herren/unterwaesche/basics/> from <GET https://www.soliver.de/c/herren/unterwaesche/>
2018-03-05 19:30:13 [scrapy.core.engine] DEBUG: Crawled (200) <GET https://www.soliver.de/c/herren/bademode/> (referer: https://www.soliver.de/)
2018-03-05 19:30:14 [scrapy.core.engine] DEBUG: Crawled (200) <GET https://www.soliver.de/c/herren/multipacks/> (referer: https://www.soliver.de/)
2018-03-05 19:30:14 [scrapy.core.engine] DEBUG: Crawled (200) <GET https://www.soliver.de/c/herren/schuhe/> (referer: https://www.soliver.de/)
2018-03-05 19:30:14 [scrapy.core.engine] DEBUG: Crawled (200) <GET https://www.soliver.de/c/herren/basics/> (referer: https://www.soliver.de/)
2018-03-05 19:30:14 [scrapy.core.engine] DEBUG: Crawled (200) <GET https://www.soliver.de/c/herren/uhren/> (referer: https://www.soliver.de/)
2018-03-05 19:30:14 [scrapy.core.engine] DEBUG: Crawled (200) <GET https://www.soliver.de/c/herren/online-exklusiv/> (referer: https://www.soliver.de/)
2018-03-05 19:30:15 [scrapy.core.engine] DEBUG: Crawled (200) <GET https://www.soliver.de/c/herren/guertel/> (referer: https://www.soliver.de/)
2018-03-05 19:30:15 [scrapy.core.engine] DEBUG: Crawled (200) <GET https://www.soliver.de/c/herren/struempfe/> (referer: https://www.soliver.de/)
2018-03-05 19:30:15 [scrapy.core.engine] DEBUG: Crawled (200) <GET https://www.soliver.de/c/herren/schals-muetzen/> (referer: https://www.soliver.de/)
2018-03-05 19:30:16 [scrapy.core.engine] DEBUG: Crawled (200) <GET https://www.soliver.de/c/herren/krawatten/> (referer: https://www.soliver.de/)
2018-03-05 19:30:16 [scrapy.core.engine] DEBUG: Crawled (200) <GET https://www.soliver.de/c/herren/business/anzuege/> (referer: https://www.soliver.de/)
2018-03-05 19:30:16 [scrapy.core.engine] DEBUG: Crawled (200) <GET https://www.soliver.de/c/herren/schmuck/> (referer: https://www.soliver.de/)
2018-03-05 19:30:16 [scrapy.core.engine] DEBUG: Crawled (200) <GET https://www.soliver.de/c/herren/duefte/> (referer: https://www.soliver.de/)
2018-03-05 19:30:18 [scrapy.core.engine] DEBUG: Crawled (200) <GET https://www.soliver.de/c/herren/unterwaesche/basics/> (referer: https://www.soliver.de/)
2018-03-05 19:30:19 [scrapy.core.engine] DEBUG: Crawled (200) <GET https://www.soliver.de/c/herren/taschen-geldboersen/> (referer: https://www.soliver.de/)
2018-03-05 19:30:19 [scrapy.core.engine] DEBUG: Crawled (200) <GET https://www.soliver.de/c/herren/fashion-charts/> (referer: https://www.soliver.de/)
2018-03-05 19:30:20 [scrapy.core.engine] DEBUG: Crawled (200) <GET https://www.soliver.de/c/herren/regenschirme/> (referer: https://www.soliver.de/)
2018-03-05 19:30:20 [scrapy.core.engine] DEBUG: Crawled (200) <GET https://www.soliver.de/c/herren/family-preis/> (referer: https://www.soliver.de/)
2018-03-05 19:30:21 [scrapy.core.engine] DEBUG: Crawled (200) <GET https://www.soliver.de/instagram-herren-OLAPIC_LANDINGPAGE_MEN.html> (referer: https://www.soliver.de/)
2018-03-05 19:30:21 [scrapy.core.engine] DEBUG: Crawled (200) <GET https://www.soliver.de/c/herren/hoodies/> (referer: https://www.soliver.de/)
2018-03-05 19:30:21 [scrapy.core.engine] DEBUG: Crawled (200) <GET https://www.soliver.de/c/herren/sonnenbrillen/> (referer: https://www.soliver.de/)
2018-03-05 19:30:21 [scrapy.core.engine] DEBUG: Crawled (200) <GET https://www.soliver.de/c/damen/bestseller/> (referer: https://www.soliver.de/)
2018-03-05 19:30:22 [scrapy.core.engine] DEBUG: Crawled (200) <GET https://www.soliver.de/c/herren/sporty-looks/> (referer: https://www.soliver.de/)
2018-03-05 19:30:22 [scrapy.core.engine] DEBUG: Crawled (200) <GET https://www.soliver.de/c/herren/smartandcasual/> (referer: https://www.soliver.de/)
2018-03-05 19:30:22 [scrapy.core.engine] DEBUG: Crawled (200) <GET https://www.soliver.de/c/damen/jeans/> (referer: https://www.soliver.de/)
2018-03-05 19:30:22 [scrapy.core.engine] DEBUG: Crawled (200) <GET https://www.soliver.de/c/damen/strick/> (referer: https://www.soliver.de/)
2018-03-05 19:30:22 [scrapy.core.engine] DEBUG: Crawled (200) <GET https://www.soliver.de/c/damen/jacken-maentel/> (referer: https://www.soliver.de/)
2018-03-05 19:30:22 [scrapy.core.engine] DEBUG: Crawled (200) <GET https://www.soliver.de/c/damen/t-shirts/> (referer: https://www.soliver.de/)
2018-03-05 19:30:22 [scrapy.core.engine] DEBUG: Crawled (200) <GET https://www.soliver.de/c/herren/black-summer/> (referer: https://www.soliver.de/)
2018-03-05 19:30:23 [scrapy.core.engine] DEBUG: Crawled (200) <GET https://www.soliver.de/c/damen/blusen/> (referer: https://www.soliver.de/)
2018-03-05 19:30:23 [scrapy.core.engine] DEBUG: Crawled (200) <GET https://www.soliver.de/c/damen/hosen/> (referer: https://www.soliver.de/)
2018-03-05 19:30:23 [scrapy.core.engine] DEBUG: Crawled (200) <GET https://www.soliver.de/c/damen/kleider/> (referer: https://www.soliver.de/)
2018-03-05 19:30:23 [scrapy.core.engine] DEBUG: Crawled (200) <GET https://www.soliver.de/c/damen/strickjacken/> (referer: https://www.soliver.de/)
2018-03-05 19:30:23 [scrapy.core.engine] DEBUG: Crawled (200) <GET https://www.soliver.de/c/damen/blazer/> (referer: https://www.soliver.de/)
2018-03-05 19:30:24 [scrapy.core.engine] DEBUG: Crawled (200) <GET https://www.soliver.de/c/damen/roecke/> (referer: https://www.soliver.de/)
2018-03-05 19:30:24 [scrapy.downloadermiddlewares.redirect] DEBUG: Redirecting (301) to <GET https://www.soliver.de/c/damen/business/kleider/> from <GET https://www.soliver.de/c/damen/business/>
2018-03-05 19:30:24 [scrapy.core.engine] DEBUG: Crawled (200) <GET https://www.soliver.de/c/damen/overalls-jumpsuits/> (referer: https://www.soliver.de/)
2018-03-05 19:30:24 [scrapy.core.engine] DEBUG: Crawled (200) <GET https://www.soliver.de/c/damen/ponchos/> (referer: https://www.soliver.de/)
2018-03-05 19:30:25 [scrapy.core.engine] DEBUG: Crawled (200) <GET https://www.soliver.de/c/damen/sportbekleidung/> (referer: https://www.soliver.de/)
2018-03-05 19:30:25 [scrapy.core.engine] DEBUG: Crawled (200) <GET https://www.soliver.de/c/damen/dessous/> (referer: https://www.soliver.de/)
2018-03-05 19:30:25 [scrapy.core.engine] DEBUG: Crawled (200) <GET https://www.soliver.de/c/damen/shorts/> (referer: https://www.soliver.de/)
2018-03-05 19:30:25 [scrapy.core.engine] DEBUG: Crawled (200) <GET https://www.soliver.de/c/damen/bademode/> (referer: https://www.soliver.de/)
2018-03-05 19:30:25 [scrapy.core.engine] DEBUG: Crawled (200) <GET https://www.soliver.de/c/damen/basics/> (referer: https://www.soliver.de/)
2018-03-05 19:30:26 [scrapy.core.engine] DEBUG: Crawled (200) <GET https://www.soliver.de/c/damen/dessous/nachtwaesche/> (referer: https://www.soliver.de/)
2018-03-05 19:30:26 [scrapy.crawler] INFO: Received SIGINT, shutting down gracefully. Send again to force 
2018-03-05 19:30:26 [scrapy.core.engine] INFO: Closing spider (shutdown)
2018-03-05 19:30:26 [scrapy.core.engine] DEBUG: Crawled (200) <GET https://www.soliver.de/c/damen/online-exklusiv/> (referer: https://www.soliver.de/)
2018-03-05 19:30:26 [scrapy.core.engine] DEBUG: Crawled (200) <GET https://www.soliver.de/c/damen/schuhe/> (referer: https://www.soliver.de/)
2018-03-05 19:30:27 [scrapy.core.engine] DEBUG: Crawled (200) <GET https://www.soliver.de/c/damen/schals-muetzen/> (referer: https://www.soliver.de/)
2018-03-05 19:30:27 [scrapy.core.engine] DEBUG: Crawled (200) <GET https://www.soliver.de/c/damen/taschen/> (referer: https://www.soliver.de/)
2018-03-05 19:30:27 [scrapy.core.engine] DEBUG: Crawled (200) <GET https://www.soliver.de/c/damen/schmuck/> (referer: https://www.soliver.de/)
2018-03-05 19:30:27 [scrapy.core.engine] DEBUG: Crawled (200) <GET https://www.soliver.de/c/damen/uhren/> (referer: https://www.soliver.de/)
2018-03-05 19:30:27 [scrapy.core.engine] DEBUG: Crawled (200) <GET https://www.soliver.de/c/damen/guertel/> (referer: https://www.soliver.de/)
2018-03-05 19:30:28 [scrapy.crawler] INFO: Received SIGINT twice, forcing unclean shutdown
2018-03-05 19:30:28 [scrapy.downloadermiddlewares.retry] DEBUG: Retrying <GET https://www.soliver.de/c/damen/business/kleider/> (failed 1 times): [<twisted.python.failure.Failure twisted.internet.error.ConnectionLost: Connection to the other side was lost in a non-clean fashion: Connection lost.>, <twisted.python.failure.Failure twisted.web.http._DataLoss: Chunked decoder in 'BODY' state, still expecting more data to get to 'FINISHED' state.>]
2018-03-05 19:31:22 [scrapy.utils.log] INFO: Scrapy 1.3.3 started (bot: myntraretail)
2018-03-05 19:31:22 [scrapy.utils.log] INFO: Overridden settings: {'NEWSPIDER_MODULE': 'myntraretail.spiders', 'SPIDER_MODULES': ['myntraretail.spiders'], 'BOT_NAME': 'myntraretail', 'USER_AGENT': 'Mozilla/5.0 (X11; Linux x86_64) AppleWebKit/537.36 (KHTML, like Gecko) Chrome/58.0.3029.110 Safari/537.36 OPR/45.0.2552.888', 'LOG_FILE': 'scrapy.log', 'DOWNLOAD_DELAY': 0.2}
2018-03-05 19:31:22 [scrapy.middleware] INFO: Enabled extensions:
['scrapy.extensions.logstats.LogStats',
 'scrapy.extensions.telnet.TelnetConsole',
 'scrapy.extensions.corestats.CoreStats']
2018-03-05 19:31:22 [scrapy.middleware] INFO: Enabled downloader middlewares:
['scrapy.downloadermiddlewares.httpauth.HttpAuthMiddleware',
 'scrapy.downloadermiddlewares.downloadtimeout.DownloadTimeoutMiddleware',
 'scrapy.downloadermiddlewares.defaultheaders.DefaultHeadersMiddleware',
 'scrapy.downloadermiddlewares.useragent.UserAgentMiddleware',
 'scrapy.downloadermiddlewares.retry.RetryMiddleware',
 'scrapy.downloadermiddlewares.redirect.MetaRefreshMiddleware',
 'scrapy.downloadermiddlewares.httpcompression.HttpCompressionMiddleware',
 'scrapy.downloadermiddlewares.redirect.RedirectMiddleware',
 'scrapy.downloadermiddlewares.cookies.CookiesMiddleware',
 'scrapy.downloadermiddlewares.stats.DownloaderStats']
2018-03-05 19:31:22 [scrapy.middleware] INFO: Enabled spider middlewares:
['scrapy.spidermiddlewares.httperror.HttpErrorMiddleware',
 'scrapy.spidermiddlewares.offsite.OffsiteMiddleware',
 'scrapy.spidermiddlewares.referer.RefererMiddleware',
 'scrapy.spidermiddlewares.urllength.UrlLengthMiddleware',
 'scrapy.spidermiddlewares.depth.DepthMiddleware']
2018-03-05 19:31:22 [scrapy.middleware] INFO: Enabled item pipelines:
[]
2018-03-05 19:31:22 [scrapy.core.engine] INFO: Spider opened
2018-03-05 19:31:22 [scrapy.extensions.logstats] INFO: Crawled 0 pages (at 0 pages/min), scraped 0 items (at 0 items/min)
2018-03-05 19:31:22 [scrapy.extensions.telnet] DEBUG: Telnet console listening on 127.0.0.1:6028
2018-03-05 19:31:22 [scrapy.core.engine] DEBUG: Crawled (200) <GET https://www.soliver.de/> (referer: None)
2018-03-05 19:31:23 [scrapy.dupefilters] DEBUG: Filtered duplicate request: <GET https://www.soliver.de/c/junior/struempfe/> - no more duplicates will be shown (see DUPEFILTER_DEBUG to show all duplicates)
2018-03-05 19:31:23 [scrapy.core.engine] DEBUG: Crawled (200) <GET https://www.soliver.de/c/herren/bestseller/> (referer: https://www.soliver.de/)
2018-03-05 19:31:23 [scrapy.core.engine] DEBUG: Crawled (200) <GET https://www.soliver.de/c/herren/jacken/> (referer: https://www.soliver.de/)
2018-03-05 19:31:24 [scrapy.core.engine] DEBUG: Crawled (200) <GET https://www.soliver.de/c/herren/strick/> (referer: https://www.soliver.de/)
2018-03-05 19:31:24 [scrapy.core.engine] DEBUG: Crawled (200) <GET https://www.soliver.de/c/herren/jeans/> (referer: https://www.soliver.de/)
2018-03-05 19:31:24 [scrapy.core.engine] DEBUG: Crawled (200) <GET https://www.soliver.de/c/herren/sweat/> (referer: https://www.soliver.de/)
2018-03-05 19:31:25 [scrapy.core.engine] DEBUG: Crawled (200) <GET https://www.soliver.de/c/herren/t-shirts/> (referer: https://www.soliver.de/)
2018-03-05 19:31:25 [scrapy.core.engine] DEBUG: Crawled (200) <GET https://www.soliver.de/c/herren/hemden/> (referer: https://www.soliver.de/)
2018-03-05 19:31:25 [scrapy.core.engine] DEBUG: Crawled (200) <GET https://www.soliver.de/c/herren/hosen/> (referer: https://www.soliver.de/)
2018-03-05 19:31:25 [scrapy.core.engine] DEBUG: Crawled (200) <GET https://www.soliver.de/c/herren/sakkos-westen/> (referer: https://www.soliver.de/)
2018-03-05 19:31:26 [scrapy.downloadermiddlewares.redirect] DEBUG: Redirecting (301) to <GET https://www.soliver.de/c/herren/business/anzuege/> from <GET https://www.soliver.de/c/herren/business/>
2018-03-05 19:31:26 [scrapy.core.engine] DEBUG: Crawled (200) <GET https://www.soliver.de/c/herren/anzuege/> (referer: https://www.soliver.de/)
2018-03-05 19:31:26 [scrapy.core.engine] DEBUG: Crawled (200) <GET https://www.soliver.de/c/herren/bermudas/> (referer: https://www.soliver.de/)
2018-03-05 19:31:27 [scrapy.core.engine] DEBUG: Crawled (200) <GET https://www.soliver.de/c/herren/bademode/> (referer: https://www.soliver.de/)
2018-03-05 19:31:27 [scrapy.core.engine] DEBUG: Crawled (200) <GET https://www.soliver.de/c/herren/multipacks/> (referer: https://www.soliver.de/)
2018-03-05 19:31:27 [scrapy.downloadermiddlewares.redirect] DEBUG: Redirecting (301) to <GET https://www.soliver.de/c/herren/unterwaesche/basics/> from <GET https://www.soliver.de/c/herren/unterwaesche/>
2018-03-05 19:31:27 [scrapy.core.engine] DEBUG: Crawled (200) <GET https://www.soliver.de/c/herren/online-exklusiv/> (referer: https://www.soliver.de/)
2018-03-05 19:31:28 [scrapy.core.engine] DEBUG: Crawled (200) <GET https://www.soliver.de/c/herren/schuhe/> (referer: https://www.soliver.de/)
2018-03-05 19:31:28 [scrapy.core.engine] DEBUG: Crawled (200) <GET https://www.soliver.de/c/herren/basics/> (referer: https://www.soliver.de/)
2018-03-05 19:31:28 [scrapy.crawler] INFO: Received SIGINT, shutting down gracefully. Send again to force 
2018-03-05 19:31:28 [scrapy.core.engine] INFO: Closing spider (shutdown)
2018-03-05 19:31:28 [scrapy.core.engine] DEBUG: Crawled (200) <GET https://www.soliver.de/c/herren/uhren/> (referer: https://www.soliver.de/)
2018-03-05 19:31:28 [scrapy.core.engine] DEBUG: Crawled (200) <GET https://www.soliver.de/c/herren/guertel/> (referer: https://www.soliver.de/)
2018-03-05 19:31:28 [scrapy.crawler] INFO: Received SIGINT twice, forcing unclean shutdown
2018-03-05 19:31:28 [scrapy.downloadermiddlewares.retry] DEBUG: Retrying <GET https://www.soliver.de/c/herren/schals-muetzen/> (failed 1 times): [<twisted.python.failure.Failure twisted.internet.error.ConnectionLost: Connection to the other side was lost in a non-clean fashion: Connection lost.>, <twisted.python.failure.Failure twisted.web.http._DataLoss: Chunked decoder in 'CHUNK_LENGTH' state, still expecting more data to get to 'FINISHED' state.>]
2018-03-05 19:31:28 [scrapy.downloadermiddlewares.retry] DEBUG: Retrying <GET https://www.soliver.de/c/herren/struempfe/> (failed 1 times): [<twisted.python.failure.Failure twisted.internet.error.ConnectionLost: Connection to the other side was lost in a non-clean fashion: Connection lost.>, <twisted.python.failure.Failure twisted.web.http._DataLoss: Chunked decoder in 'CHUNK_LENGTH' state, still expecting more data to get to 'FINISHED' state.>]
2018-03-05 20:10:22 [scrapy.core.engine] DEBUG: Crawled (200) <GET https://www.soliver.de/webservices/?svc=productdetails&version=v1&output=json&pid=41.710.71.2615> (referer: None)
2018-03-05 20:11:26 [scrapy.downloadermiddlewares.redirect] DEBUG: Redirecting (301) to <GET https://www.soliver.de/c/damen/jeans/> from <GET https://www.soliver.de/c/damen/jeans>
2018-03-05 20:11:27 [scrapy.core.engine] DEBUG: Crawled (200) <GET https://www.soliver.de/c/damen/jeans/> (referer: None)
2018-03-05 20:15:25 [scrapy.core.engine] DEBUG: Crawled (200) <GET https://www.soliver.de/c/damen/jeans/?start=144> (referer: None)
